mode: set
github.com/iamatila/bookings/internal/render/render.go:23.40,25.2 1 1
github.com/iamatila/bookings/internal/render/render.go:27.84,33.2 5 1
github.com/iamatila/bookings/internal/render/render.go:36.107,38.18 2 1
github.com/iamatila/bookings/internal/render/render.go:45.2,46.9 2 1
github.com/iamatila/bookings/internal/render/render.go:51.2,56.16 4 1
github.com/iamatila/bookings/internal/render/render.go:61.2,62.16 2 1
github.com/iamatila/bookings/internal/render/render.go:67.2,67.12 1 1
github.com/iamatila/bookings/internal/render/render.go:38.18,41.3 1 0
github.com/iamatila/bookings/internal/render/render.go:41.8,43.3 1 1
github.com/iamatila/bookings/internal/render/render.go:46.9,49.3 1 1
github.com/iamatila/bookings/internal/render/render.go:56.16,59.3 2 0
github.com/iamatila/bookings/internal/render/render.go:62.16,65.3 2 0
github.com/iamatila/bookings/internal/render/render.go:71.67,76.16 3 1
github.com/iamatila/bookings/internal/render/render.go:80.2,80.29 1 1
github.com/iamatila/bookings/internal/render/render.go:103.2,103.21 1 1
github.com/iamatila/bookings/internal/render/render.go:76.16,78.3 1 0
github.com/iamatila/bookings/internal/render/render.go:80.29,84.17 3 1
github.com/iamatila/bookings/internal/render/render.go:88.3,89.17 2 1
github.com/iamatila/bookings/internal/render/render.go:93.3,93.23 1 1
github.com/iamatila/bookings/internal/render/render.go:100.3,100.21 1 1
github.com/iamatila/bookings/internal/render/render.go:84.17,86.4 1 0
github.com/iamatila/bookings/internal/render/render.go:89.17,91.4 1 0
github.com/iamatila/bookings/internal/render/render.go:93.23,95.18 2 1
github.com/iamatila/bookings/internal/render/render.go:95.18,97.5 1 0
